This file contains any messages produced by compilers while
running configure, to aid debugging if configure makes a mistake.

It was created by typespeed configure 0.6.5, which was
generated by GNU Autoconf 2.62.  Invocation command line was

  $ ./configure 

## --------- ##
## Platform. ##
## --------- ##

hostname = userland
uname -m = x86_64
uname -r = 3.2.0-4-amd64
uname -s = Linux
uname -v = #1 SMP Debian 3.2.60-1+deb7u3

/usr/bin/uname -p = unknown
/bin/uname -X     = unknown

/bin/arch              = unknown
/usr/bin/arch -k       = unknown
/usr/convex/getsysinfo = unknown
/usr/bin/hostinfo      = unknown
/bin/machine           = unknown
/usr/bin/oslevel       = unknown
/bin/universe          = unknown

PATH: /home/user/.cabal/bin
PATH: /home/user/.cabal/bin
PATH: /usr/local/bin
PATH: /usr/bin
PATH: /bin
PATH: /usr/local/games
PATH: /usr/games


## ----------- ##
## Core tests. ##
## ----------- ##

configure:1918: checking for a BSD-compatible install
configure:1986: result: /usr/bin/install -c
configure:1997: checking whether build environment is sane
configure:2040: result: yes
configure:2065: checking for a thread-safe mkdir -p
configure:2104: result: /bin/mkdir -p
configure:2117: checking for gawk
configure:2147: result: no
configure:2117: checking for mawk
configure:2133: found /usr/bin/mawk
configure:2144: result: mawk
configure:2155: checking whether make sets $(MAKE)
configure:2177: result: yes
configure:2415: checking for gcc
configure:2431: found /usr/bin/gcc
configure:2442: result: gcc
configure:2680: checking for C compiler version
configure:2688: gcc --version >&5
gcc (Debian 4.7.2-5) 4.7.2
Copyright (C) 2012 Free Software Foundation, Inc.
This is free software; see the source for copying conditions.  There is NO
warranty; not even for MERCHANTABILITY or FITNESS FOR A PARTICULAR PURPOSE.

configure:2692: $? = 0
configure:2699: gcc -v >&5
Using built-in specs.
COLLECT_GCC=gcc
COLLECT_LTO_WRAPPER=/usr/lib/gcc/x86_64-linux-gnu/4.7/lto-wrapper
Target: x86_64-linux-gnu
Configured with: ../src/configure -v --with-pkgversion='Debian 4.7.2-5' --with-bugurl=file:///usr/share/doc/gcc-4.7/README.Bugs --enable-languages=c,c++,go,fortran,objc,obj-c++ --prefix=/usr --program-suffix=-4.7 --enable-shared --enable-linker-build-id --with-system-zlib --libexecdir=/usr/lib --without-included-gettext --enable-threads=posix --with-gxx-include-dir=/usr/include/c++/4.7 --libdir=/usr/lib --enable-nls --with-sysroot=/ --enable-clocale=gnu --enable-libstdcxx-debug --enable-libstdcxx-time=yes --enable-gnu-unique-object --enable-plugin --enable-objc-gc --with-arch-32=i586 --with-tune=generic --enable-checking=release --build=x86_64-linux-gnu --host=x86_64-linux-gnu --target=x86_64-linux-gnu
Thread model: posix
gcc version 4.7.2 (Debian 4.7.2-5) 
configure:2703: $? = 0
configure:2710: gcc -V >&5
gcc: error: unrecognized command line option '-V'
gcc: fatal error: no input files
compilation terminated.
configure:2714: $? = 4
configure:2737: checking for C compiler default output file name
configure:2759: gcc    conftest.c  >&5
configure:2763: $? = 0
configure:2801: result: a.out
configure:2818: checking whether the C compiler works
configure:2828: ./a.out
configure:2832: $? = 0
configure:2849: result: yes
configure:2856: checking whether we are cross compiling
configure:2858: result: no
configure:2861: checking for suffix of executables
configure:2868: gcc -o conftest    conftest.c  >&5
configure:2872: $? = 0
configure:2896: result: 
configure:2902: checking for suffix of object files
configure:2928: gcc -c   conftest.c >&5
configure:2932: $? = 0
configure:2955: result: o
configure:2959: checking whether we are using the GNU C compiler
configure:2988: gcc -c   conftest.c >&5
configure:2995: $? = 0
configure:3012: result: yes
configure:3021: checking whether gcc accepts -g
configure:3051: gcc -c -g  conftest.c >&5
configure:3058: $? = 0
configure:3159: result: yes
configure:3176: checking for gcc option to accept ISO C89
configure:3250: gcc  -c -g -O2  conftest.c >&5
configure:3257: $? = 0
configure:3280: result: none needed
configure:3309: checking for style of include used by make
configure:3337: result: GNU
configure:3362: checking dependency style of gcc
configure:3453: result: gcc3
configure:3469: checking whether gcc and cc understand -c and -o together
configure:3504: gcc -c conftest.c -o conftest2.o >&5
configure:3508: $? = 0
configure:3514: gcc -c conftest.c -o conftest2.o >&5
configure:3518: $? = 0
configure:3529: cc -c conftest.c >&5
configure:3533: $? = 0
configure:3541: cc -c conftest.c -o conftest2.o >&5
configure:3545: $? = 0
configure:3551: cc -c conftest.c -o conftest2.o >&5
configure:3555: $? = 0
configure:3573: result: yes
configure:3613: checking for a BSD-compatible install
configure:3681: result: /usr/bin/install -c
configure:3692: checking whether make sets $(MAKE)
configure:3714: result: yes
configure:3729: checking how to run the C preprocessor
configure:3769: gcc -E  conftest.c
configure:3776: $? = 0
configure:3807: gcc -E  conftest.c
conftest.c:10:28: fatal error: ac_nonexistent.h: No such file or directory
compilation terminated.
configure:3814: $? = 1
configure: failed program was:
| /* confdefs.h.  */
| #define PACKAGE_NAME "typespeed"
| #define PACKAGE_TARNAME "typespeed"
| #define PACKAGE_VERSION "0.6.5"
| #define PACKAGE_STRING "typespeed 0.6.5"
| #define PACKAGE_BUGREPORT "tobias@bugol.de"
| #define PACKAGE "typespeed"
| #define VERSION "0.6.5"
| /* end confdefs.h.  */
| #include <ac_nonexistent.h>
configure:3847: result: gcc -E
configure:3876: gcc -E  conftest.c
configure:3883: $? = 0
configure:3914: gcc -E  conftest.c
conftest.c:10:28: fatal error: ac_nonexistent.h: No such file or directory
compilation terminated.
configure:3921: $? = 1
configure: failed program was:
| /* confdefs.h.  */
| #define PACKAGE_NAME "typespeed"
| #define PACKAGE_TARNAME "typespeed"
| #define PACKAGE_VERSION "0.6.5"
| #define PACKAGE_STRING "typespeed 0.6.5"
| #define PACKAGE_BUGREPORT "tobias@bugol.de"
| #define PACKAGE "typespeed"
| #define VERSION "0.6.5"
| /* end confdefs.h.  */
| #include <ac_nonexistent.h>
configure:3959: checking for grep that handles long lines and -e
configure:4019: result: /bin/grep
configure:4024: checking for egrep
configure:4088: result: /bin/grep -E
configure:4093: checking for ANSI C header files
configure:4123: gcc -c -g -O2  conftest.c >&5
configure:4130: $? = 0
configure:4229: gcc -o conftest -g -O2   conftest.c  >&5
configure:4233: $? = 0
configure:4239: ./conftest
configure:4243: $? = 0
configure:4261: result: yes
configure:4285: checking for sys/types.h
configure:4306: gcc -c -g -O2  conftest.c >&5
configure:4313: $? = 0
configure:4330: result: yes
configure:4285: checking for sys/stat.h
configure:4306: gcc -c -g -O2  conftest.c >&5
configure:4313: $? = 0
configure:4330: result: yes
configure:4285: checking for stdlib.h
configure:4306: gcc -c -g -O2  conftest.c >&5
configure:4313: $? = 0
configure:4330: result: yes
configure:4285: checking for string.h
configure:4306: gcc -c -g -O2  conftest.c >&5
configure:4313: $? = 0
configure:4330: result: yes
configure:4285: checking for memory.h
configure:4306: gcc -c -g -O2  conftest.c >&5
configure:4313: $? = 0
configure:4330: result: yes
configure:4285: checking for strings.h
configure:4306: gcc -c -g -O2  conftest.c >&5
configure:4313: $? = 0
configure:4330: result: yes
configure:4285: checking for inttypes.h
configure:4306: gcc -c -g -O2  conftest.c >&5
configure:4313: $? = 0
configure:4330: result: yes
configure:4285: checking for stdint.h
configure:4306: gcc -c -g -O2  conftest.c >&5
configure:4313: $? = 0
configure:4330: result: yes
configure:4285: checking for unistd.h
configure:4306: gcc -c -g -O2  conftest.c >&5
configure:4313: $? = 0
configure:4330: result: yes
configure:4354: checking minix/config.h usability
configure:4371: gcc -c -g -O2  conftest.c >&5
conftest.c:53:26: fatal error: minix/config.h: No such file or directory
compilation terminated.
configure:4378: $? = 1
configure: failed program was:
| /* confdefs.h.  */
| #define PACKAGE_NAME "typespeed"
| #define PACKAGE_TARNAME "typespeed"
| #define PACKAGE_VERSION "0.6.5"
| #define PACKAGE_STRING "typespeed 0.6.5"
| #define PACKAGE_BUGREPORT "tobias@bugol.de"
| #define PACKAGE "typespeed"
| #define VERSION "0.6.5"
| #define STDC_HEADERS 1
| #define HAVE_SYS_TYPES_H 1
| #define HAVE_SYS_STAT_H 1
| #define HAVE_STDLIB_H 1
| #define HAVE_STRING_H 1
| #define HAVE_MEMORY_H 1
| #define HAVE_STRINGS_H 1
| #define HAVE_INTTYPES_H 1
| #define HAVE_STDINT_H 1
| #define HAVE_UNISTD_H 1
| /* end confdefs.h.  */
| #include <stdio.h>
| #ifdef HAVE_SYS_TYPES_H
| # include <sys/types.h>
| #endif
| #ifdef HAVE_SYS_STAT_H
| # include <sys/stat.h>
| #endif
| #ifdef STDC_HEADERS
| # include <stdlib.h>
| # include <stddef.h>
| #else
| # ifdef HAVE_STDLIB_H
| #  include <stdlib.h>
| # endif
| #endif
| #ifdef HAVE_STRING_H
| # if !defined STDC_HEADERS && defined HAVE_MEMORY_H
| #  include <memory.h>
| # endif
| # include <string.h>
| #endif
| #ifdef HAVE_STRINGS_H
| # include <strings.h>
| #endif
| #ifdef HAVE_INTTYPES_H
| # include <inttypes.h>
| #endif
| #ifdef HAVE_STDINT_H
| # include <stdint.h>
| #endif
| #ifdef HAVE_UNISTD_H
| # include <unistd.h>
| #endif
| #include <minix/config.h>
configure:4392: result: no
configure:4396: checking minix/config.h presence
configure:4411: gcc -E  conftest.c
conftest.c:20:26: fatal error: minix/config.h: No such file or directory
compilation terminated.
configure:4418: $? = 1
configure: failed program was:
| /* confdefs.h.  */
| #define PACKAGE_NAME "typespeed"
| #define PACKAGE_TARNAME "typespeed"
| #define PACKAGE_VERSION "0.6.5"
| #define PACKAGE_STRING "typespeed 0.6.5"
| #define PACKAGE_BUGREPORT "tobias@bugol.de"
| #define PACKAGE "typespeed"
| #define VERSION "0.6.5"
| #define STDC_HEADERS 1
| #define HAVE_SYS_TYPES_H 1
| #define HAVE_SYS_STAT_H 1
| #define HAVE_STDLIB_H 1
| #define HAVE_STRING_H 1
| #define HAVE_MEMORY_H 1
| #define HAVE_STRINGS_H 1
| #define HAVE_INTTYPES_H 1
| #define HAVE_STDINT_H 1
| #define HAVE_UNISTD_H 1
| /* end confdefs.h.  */
| #include <minix/config.h>
configure:4432: result: no
configure:4465: checking for minix/config.h
configure:4472: result: no
configure:4503: checking whether it is safe to define __EXTENSIONS__
configure:4531: gcc -c -g -O2  conftest.c >&5
configure:4538: $? = 0
configure:4553: result: yes
configure:4580: checking for initscr in -lncurses
configure:4615: gcc -o conftest -g -O2   conftest.c -lncurses   >&5
configure:4622: $? = 0
configure:4643: result: yes
configure:4658: checking whether NLS is requested
configure:4667: result: yes
configure:4705: checking for msgfmt
configure: trying /usr/bin/msgfmt...
0 translated messages.
configure:4737: result: /usr/bin/msgfmt
configure:4746: checking for gmsgfmt
configure:4777: result: /usr/bin/msgfmt
configure:4828: checking for xgettext
configure: trying /usr/bin/xgettext...
/usr/bin/xgettext: warning: file `/dev/null' extension `' is unknown; will try C
configure:4860: result: /usr/bin/xgettext
configure:4906: checking for msgmerge
configure: trying /usr/bin/msgmerge...
configure:4937: result: /usr/bin/msgmerge
configure:4973: checking build system type
configure:4991: result: x86_64-unknown-linux-gnu
configure:5013: checking host system type
configure:5028: result: x86_64-unknown-linux-gnu
configure:5074: checking for ld used by GCC
configure:5138: result: /usr/bin/ld
configure:5147: checking if the linker (/usr/bin/ld) is GNU ld
configure:5160: result: yes
configure:5167: checking for shared library run path origin
configure:5180: result: done
configure:5637: checking for CFPreferencesCopyAppValue
configure:5665: gcc -o conftest -g -O2   conftest.c -lncurses  -Wl,-framework -Wl,CoreFoundation >&5
conftest.c:26:42: fatal error: CoreFoundation/CFPreferences.h: No such file or directory
compilation terminated.
configure:5672: $? = 1
configure: failed program was:
| /* confdefs.h.  */
| #define PACKAGE_NAME "typespeed"
| #define PACKAGE_TARNAME "typespeed"
| #define PACKAGE_VERSION "0.6.5"
| #define PACKAGE_STRING "typespeed 0.6.5"
| #define PACKAGE_BUGREPORT "tobias@bugol.de"
| #define PACKAGE "typespeed"
| #define VERSION "0.6.5"
| #define STDC_HEADERS 1
| #define HAVE_SYS_TYPES_H 1
| #define HAVE_SYS_STAT_H 1
| #define HAVE_STDLIB_H 1
| #define HAVE_STRING_H 1
| #define HAVE_MEMORY_H 1
| #define HAVE_STRINGS_H 1
| #define HAVE_INTTYPES_H 1
| #define HAVE_STDINT_H 1
| #define HAVE_UNISTD_H 1
| #define __EXTENSIONS__ 1
| #define _ALL_SOURCE 1
| #define _GNU_SOURCE 1
| #define _POSIX_PTHREAD_SEMANTICS 1
| #define _TANDEM_SOURCE 1
| #define HAVE_LIBNCURSES 1
| /* end confdefs.h.  */
| #include <CoreFoundation/CFPreferences.h>
| int
| main ()
| {
| CFPreferencesCopyAppValue(NULL, NULL)
|   ;
|   return 0;
| }
configure:5693: result: no
configure:5702: checking for CFLocaleCopyCurrent
configure:5730: gcc -o conftest -g -O2   conftest.c -lncurses  -Wl,-framework -Wl,CoreFoundation >&5
conftest.c:26:37: fatal error: CoreFoundation/CFLocale.h: No such file or directory
compilation terminated.
configure:5737: $? = 1
configure: failed program was:
| /* confdefs.h.  */
| #define PACKAGE_NAME "typespeed"
| #define PACKAGE_TARNAME "typespeed"
| #define PACKAGE_VERSION "0.6.5"
| #define PACKAGE_STRING "typespeed 0.6.5"
| #define PACKAGE_BUGREPORT "tobias@bugol.de"
| #define PACKAGE "typespeed"
| #define VERSION "0.6.5"
| #define STDC_HEADERS 1
| #define HAVE_SYS_TYPES_H 1
| #define HAVE_SYS_STAT_H 1
| #define HAVE_STDLIB_H 1
| #define HAVE_STRING_H 1
| #define HAVE_MEMORY_H 1
| #define HAVE_STRINGS_H 1
| #define HAVE_INTTYPES_H 1
| #define HAVE_STDINT_H 1
| #define HAVE_UNISTD_H 1
| #define __EXTENSIONS__ 1
| #define _ALL_SOURCE 1
| #define _GNU_SOURCE 1
| #define _POSIX_PTHREAD_SEMANTICS 1
| #define _TANDEM_SOURCE 1
| #define HAVE_LIBNCURSES 1
| /* end confdefs.h.  */
| #include <CoreFoundation/CFLocale.h>
| int
| main ()
| {
| CFLocaleCopyCurrent();
|   ;
|   return 0;
| }
configure:5758: result: no
configure:5809: checking for GNU gettext in libc
configure:5839: gcc -o conftest -g -O2   conftest.c -lncurses  >&5
configure:5846: $? = 0
configure:5868: result: yes
configure:6601: checking whether to use NLS
configure:6603: result: yes
configure:6606: checking where the gettext function comes from
configure:6617: result: libc
configure:6688: checking for dirent.h that defines DIR
configure:6717: gcc -c -g -O2  conftest.c >&5
configure:6724: $? = 0
configure:6741: result: yes
configure:6755: checking for library containing opendir
configure:6796: gcc -o conftest -g -O2   conftest.c -lncurses  >&5
configure:6803: $? = 0
configure:6834: result: none required
configure:6932: checking for ANSI C header files
configure:7100: result: yes
configure:7142: checking arpa/inet.h usability
configure:7159: gcc -c -g -O2  conftest.c >&5
configure:7166: $? = 0
configure:7180: result: yes
configure:7184: checking arpa/inet.h presence
configure:7199: gcc -E  conftest.c
configure:7206: $? = 0
configure:7220: result: yes
configure:7253: checking for arpa/inet.h
configure:7262: result: yes
configure:7142: checking bits/posix1_lim.h usability
configure:7159: gcc -c -g -O2  conftest.c >&5
configure:7166: $? = 0
configure:7180: result: yes
configure:7184: checking bits/posix1_lim.h presence
configure:7199: gcc -E  conftest.c
configure:7206: $? = 0
configure:7220: result: yes
configure:7253: checking for bits/posix1_lim.h
configure:7262: result: yes
configure:7142: checking fcntl.h usability
configure:7159: gcc -c -g -O2  conftest.c >&5
configure:7166: $? = 0
configure:7180: result: yes
configure:7184: checking fcntl.h presence
configure:7199: gcc -E  conftest.c
configure:7206: $? = 0
configure:7220: result: yes
configure:7253: checking for fcntl.h
configure:7262: result: yes
configure:7142: checking libintl.h usability
configure:7159: gcc -c -g -O2  conftest.c >&5
configure:7166: $? = 0
configure:7180: result: yes
configure:7184: checking libintl.h presence
configure:7199: gcc -E  conftest.c
configure:7206: $? = 0
configure:7220: result: yes
configure:7253: checking for libintl.h
configure:7262: result: yes
configure:7142: checking limits.h usability
configure:7159: gcc -c -g -O2  conftest.c >&5
configure:7166: $? = 0
configure:7180: result: yes
configure:7184: checking limits.h presence
configure:7199: gcc -E  conftest.c
configure:7206: $? = 0
configure:7220: result: yes
configure:7253: checking for limits.h
configure:7262: result: yes
configure:7142: checking locale.h usability
configure:7159: gcc -c -g -O2  conftest.c >&5
configure:7166: $? = 0
configure:7180: result: yes
configure:7184: checking locale.h presence
configure:7199: gcc -E  conftest.c
configure:7206: $? = 0
configure:7220: result: yes
configure:7253: checking for locale.h
configure:7262: result: yes
configure:7142: checking netdb.h usability
configure:7159: gcc -c -g -O2  conftest.c >&5
configure:7166: $? = 0
configure:7180: result: yes
configure:7184: checking netdb.h presence
configure:7199: gcc -E  conftest.c
configure:7206: $? = 0
configure:7220: result: yes
configure:7253: checking for netdb.h
configure:7262: result: yes
configure:7142: checking netinet/in.h usability
configure:7159: gcc -c -g -O2  conftest.c >&5
configure:7166: $? = 0
configure:7180: result: yes
configure:7184: checking netinet/in.h presence
configure:7199: gcc -E  conftest.c
configure:7206: $? = 0
configure:7220: result: yes
configure:7253: checking for netinet/in.h
configure:7262: result: yes
configure:7142: checking stdarg.h usability
configure:7159: gcc -c -g -O2  conftest.c >&5
configure:7166: $? = 0
configure:7180: result: yes
configure:7184: checking stdarg.h presence
configure:7199: gcc -E  conftest.c
configure:7206: $? = 0
configure:7220: result: yes
configure:7253: checking for stdarg.h
configure:7262: result: yes
configure:7131: checking for stdlib.h
configure:7138: result: yes
configure:7131: checking for string.h
configure:7138: result: yes
configure:7142: checking sys/file.h usability
configure:7159: gcc -c -g -O2  conftest.c >&5
configure:7166: $? = 0
configure:7180: result: yes
configure:7184: checking sys/file.h presence
configure:7199: gcc -E  conftest.c
configure:7206: $? = 0
configure:7220: result: yes
configure:7253: checking for sys/file.h
configure:7262: result: yes
configure:7142: checking sys/ioctl.h usability
configure:7159: gcc -c -g -O2  conftest.c >&5
configure:7166: $? = 0
configure:7180: result: yes
configure:7184: checking sys/ioctl.h presence
configure:7199: gcc -E  conftest.c
configure:7206: $? = 0
configure:7220: result: yes
configure:7253: checking for sys/ioctl.h
configure:7262: result: yes
configure:7142: checking sys/param.h usability
configure:7159: gcc -c -g -O2  conftest.c >&5
configure:7166: $? = 0
configure:7180: result: yes
configure:7184: checking sys/param.h presence
configure:7199: gcc -E  conftest.c
configure:7206: $? = 0
configure:7220: result: yes
configure:7253: checking for sys/param.h
configure:7262: result: yes
configure:7142: checking sys/socket.h usability
configure:7159: gcc -c -g -O2  conftest.c >&5
configure:7166: $? = 0
configure:7180: result: yes
configure:7184: checking sys/socket.h presence
configure:7199: gcc -E  conftest.c
configure:7206: $? = 0
configure:7220: result: yes
configure:7253: checking for sys/socket.h
configure:7262: result: yes
configure:7142: checking sys/time.h usability
configure:7159: gcc -c -g -O2  conftest.c >&5
configure:7166: $? = 0
configure:7180: result: yes
configure:7184: checking sys/time.h presence
configure:7199: gcc -E  conftest.c
configure:7206: $? = 0
configure:7220: result: yes
configure:7253: checking for sys/time.h
configure:7262: result: yes
configure:7131: checking for unistd.h
configure:7138: result: yes
configure:7278: checking for an ANSI C-conforming const
configure:7353: gcc -c -g -O2  conftest.c >&5
configure:7360: $? = 0
configure:7375: result: yes
configure:7385: checking for uid_t in sys/types.h
configure:7408: result: yes
configure:7423: checking for inline
configure:7449: gcc -c -g -O2  conftest.c >&5
configure:7456: $? = 0
configure:7474: result: inline
configure:7493: checking for size_t
configure:7521: gcc -c -g -O2  conftest.c >&5
configure:7528: $? = 0
configure:7555: gcc -c -g -O2  conftest.c >&5
conftest.c: In function 'main':
conftest.c:84:21: error: expected expression before ')' token
configure:7562: $? = 1
configure: failed program was:
| /* confdefs.h.  */
| #define PACKAGE_NAME "typespeed"
| #define PACKAGE_TARNAME "typespeed"
| #define PACKAGE_VERSION "0.6.5"
| #define PACKAGE_STRING "typespeed 0.6.5"
| #define PACKAGE_BUGREPORT "tobias@bugol.de"
| #define PACKAGE "typespeed"
| #define VERSION "0.6.5"
| #define STDC_HEADERS 1
| #define HAVE_SYS_TYPES_H 1
| #define HAVE_SYS_STAT_H 1
| #define HAVE_STDLIB_H 1
| #define HAVE_STRING_H 1
| #define HAVE_MEMORY_H 1
| #define HAVE_STRINGS_H 1
| #define HAVE_INTTYPES_H 1
| #define HAVE_STDINT_H 1
| #define HAVE_UNISTD_H 1
| #define __EXTENSIONS__ 1
| #define _ALL_SOURCE 1
| #define _GNU_SOURCE 1
| #define _POSIX_PTHREAD_SEMANTICS 1
| #define _TANDEM_SOURCE 1
| #define HAVE_LIBNCURSES 1
| #define ENABLE_NLS 1
| #define HAVE_GETTEXT 1
| #define HAVE_DCGETTEXT 1
| #define HAVE_DIRENT_H 1
| #define STDC_HEADERS 1
| #define HAVE_ARPA_INET_H 1
| #define HAVE_BITS_POSIX1_LIM_H 1
| #define HAVE_FCNTL_H 1
| #define HAVE_LIBINTL_H 1
| #define HAVE_LIMITS_H 1
| #define HAVE_LOCALE_H 1
| #define HAVE_NETDB_H 1
| #define HAVE_NETINET_IN_H 1
| #define HAVE_STDARG_H 1
| #define HAVE_STDLIB_H 1
| #define HAVE_STRING_H 1
| #define HAVE_SYS_FILE_H 1
| #define HAVE_SYS_IOCTL_H 1
| #define HAVE_SYS_PARAM_H 1
| #define HAVE_SYS_SOCKET_H 1
| #define HAVE_SYS_TIME_H 1
| #define HAVE_UNISTD_H 1
| /* end confdefs.h.  */
| #include <stdio.h>
| #ifdef HAVE_SYS_TYPES_H
| # include <sys/types.h>
| #endif
| #ifdef HAVE_SYS_STAT_H
| # include <sys/stat.h>
| #endif
| #ifdef STDC_HEADERS
| # include <stdlib.h>
| # include <stddef.h>
| #else
| # ifdef HAVE_STDLIB_H
| #  include <stdlib.h>
| # endif
| #endif
| #ifdef HAVE_STRING_H
| # if !defined STDC_HEADERS && defined HAVE_MEMORY_H
| #  include <memory.h>
| # endif
| # include <string.h>
| #endif
| #ifdef HAVE_STRINGS_H
| # include <strings.h>
| #endif
| #ifdef HAVE_INTTYPES_H
| # include <inttypes.h>
| #endif
| #ifdef HAVE_STDINT_H
| # include <stdint.h>
| #endif
| #ifdef HAVE_UNISTD_H
| # include <unistd.h>
| #endif
| int
| main ()
| {
| if (sizeof ((size_t)))
| 	  return 0;
|   ;
|   return 0;
| }
configure:7585: result: yes
configure:7597: checking whether time.h and sys/time.h may both be included
configure:7627: gcc -c -g -O2  conftest.c >&5
configure:7634: $? = 0
configure:7649: result: yes
configure:7661: checking whether closedir returns void
configure:7695: gcc -o conftest -g -O2   conftest.c -lncurses  >&5
configure:7699: $? = 0
configure:7705: ./conftest
configure:7709: $? = 0
configure:7726: result: no
configure:7737: checking whether gcc needs -traditional
configure:7779: result: no
configure:7791: checking for stdlib.h
configure:7798: result: yes
configure:7936: checking for GNU libc compatible malloc
configure:7970: gcc -o conftest -g -O2   conftest.c -lncurses  >&5
configure:7974: $? = 0
configure:7980: ./conftest
configure:7984: $? = 0
configure:8001: result: yes
configure:8034: checking for stdlib.h
configure:8041: result: yes
configure:8179: checking for GNU libc compatible realloc
configure:8213: gcc -o conftest -g -O2   conftest.c -lncurses  >&5
configure:8217: $? = 0
configure:8223: ./conftest
configure:8227: $? = 0
configure:8244: result: yes
configure:8272: checking whether lstat dereferences a symlink specified with a trailing slash
configure:8308: gcc -o conftest -g -O2   conftest.c -lncurses  >&5
configure:8312: $? = 0
configure:8318: ./conftest
configure:8322: $? = 0
configure:8346: result: yes
configure:8365: checking whether stat accepts an empty string
configure:8395: gcc -o conftest -g -O2   conftest.c -lncurses  >&5
configure:8399: $? = 0
configure:8405: ./conftest
configure:8409: $? = 0
configure:8426: result: no
configure:8446: checking for vprintf
configure:8502: gcc -o conftest -g -O2   conftest.c -lncurses  >&5
conftest.c:77:6: warning: conflicting types for built-in function 'vprintf' [enabled by default]
configure:8509: $? = 0
configure:8531: result: yes
configure:8539: checking for _doprnt
configure:8595: gcc -o conftest -g -O2   conftest.c -lncurses  >&5
/tmp/ccmgCMPu.o: In function `main':
/home/user/download/typespeed-0.6.5/conftest.c:89: undefined reference to `_doprnt'
collect2: error: ld returned 1 exit status
configure:8602: $? = 1
configure: failed program was:
| /* confdefs.h.  */
| #define PACKAGE_NAME "typespeed"
| #define PACKAGE_TARNAME "typespeed"
| #define PACKAGE_VERSION "0.6.5"
| #define PACKAGE_STRING "typespeed 0.6.5"
| #define PACKAGE_BUGREPORT "tobias@bugol.de"
| #define PACKAGE "typespeed"
| #define VERSION "0.6.5"
| #define STDC_HEADERS 1
| #define HAVE_SYS_TYPES_H 1
| #define HAVE_SYS_STAT_H 1
| #define HAVE_STDLIB_H 1
| #define HAVE_STRING_H 1
| #define HAVE_MEMORY_H 1
| #define HAVE_STRINGS_H 1
| #define HAVE_INTTYPES_H 1
| #define HAVE_STDINT_H 1
| #define HAVE_UNISTD_H 1
| #define __EXTENSIONS__ 1
| #define _ALL_SOURCE 1
| #define _GNU_SOURCE 1
| #define _POSIX_PTHREAD_SEMANTICS 1
| #define _TANDEM_SOURCE 1
| #define HAVE_LIBNCURSES 1
| #define ENABLE_NLS 1
| #define HAVE_GETTEXT 1
| #define HAVE_DCGETTEXT 1
| #define HAVE_DIRENT_H 1
| #define STDC_HEADERS 1
| #define HAVE_ARPA_INET_H 1
| #define HAVE_BITS_POSIX1_LIM_H 1
| #define HAVE_FCNTL_H 1
| #define HAVE_LIBINTL_H 1
| #define HAVE_LIMITS_H 1
| #define HAVE_LOCALE_H 1
| #define HAVE_NETDB_H 1
| #define HAVE_NETINET_IN_H 1
| #define HAVE_STDARG_H 1
| #define HAVE_STDLIB_H 1
| #define HAVE_STRING_H 1
| #define HAVE_SYS_FILE_H 1
| #define HAVE_SYS_IOCTL_H 1
| #define HAVE_SYS_PARAM_H 1
| #define HAVE_SYS_SOCKET_H 1
| #define HAVE_SYS_TIME_H 1
| #define HAVE_UNISTD_H 1
| #define TIME_WITH_SYS_TIME 1
| #define HAVE_STDLIB_H 1
| #define HAVE_MALLOC 1
| #define HAVE_STDLIB_H 1
| #define HAVE_REALLOC 1
| #define LSTAT_FOLLOWS_SLASHED_SYMLINK 1
| #define HAVE_VPRINTF 1
| /* end confdefs.h.  */
| /* Define _doprnt to an innocuous variant, in case <limits.h> declares _doprnt.
|    For example, HP-UX 11i <limits.h> declares gettimeofday.  */
| #define _doprnt innocuous__doprnt
| 
| /* System header to define __stub macros and hopefully few prototypes,
|     which can conflict with char _doprnt (); below.
|     Prefer <limits.h> to <assert.h> if __STDC__ is defined, since
|     <limits.h> exists even on freestanding compilers.  */
| 
| #ifdef __STDC__
| # include <limits.h>
| #else
| # include <assert.h>
| #endif
| 
| #undef _doprnt
| 
| /* Override any GCC internal prototype to avoid an error.
|    Use char because int might match the return type of a GCC
|    builtin and then its argument prototype would still apply.  */
| #ifdef __cplusplus
| extern "C"
| #endif
| char _doprnt ();
| /* The GNU C library defines this for functions which it implements
|     to always fail with ENOSYS.  Some functions are actually named
|     something starting with __ and the normal name is an alias.  */
| #if defined __stub__doprnt || defined __stub____doprnt
| choke me
| #endif
| 
| int
| main ()
| {
| return _doprnt ();
|   ;
|   return 0;
| }
configure:8622: result: no
configure:8653: checking for gethostbyname
configure:8709: gcc -o conftest -g -O2   conftest.c -lncurses  >&5
configure:8716: $? = 0
configure:8738: result: yes
configure:8653: checking for gettimeofday
configure:8709: gcc -o conftest -g -O2   conftest.c -lncurses  >&5
configure:8716: $? = 0
configure:8738: result: yes
configure:8653: checking for inet_ntoa
configure:8709: gcc -o conftest -g -O2   conftest.c -lncurses  >&5
configure:8716: $? = 0
configure:8738: result: yes
configure:8653: checking for memset
configure:8709: gcc -o conftest -g -O2   conftest.c -lncurses  >&5
conftest.c:81:6: warning: conflicting types for built-in function 'memset' [enabled by default]
configure:8716: $? = 0
configure:8738: result: yes
configure:8653: checking for setlocale
configure:8709: gcc -o conftest -g -O2   conftest.c -lncurses  >&5
configure:8716: $? = 0
configure:8738: result: yes
configure:8653: checking for setregid
configure:8709: gcc -o conftest -g -O2   conftest.c -lncurses  >&5
configure:8716: $? = 0
configure:8738: result: yes
configure:8653: checking for setresgid
configure:8709: gcc -o conftest -g -O2   conftest.c -lncurses  >&5
configure:8716: $? = 0
configure:8738: result: yes
configure:8653: checking for socket
configure:8709: gcc -o conftest -g -O2   conftest.c -lncurses  >&5
configure:8716: $? = 0
configure:8738: result: yes
configure:8653: checking for strchr
configure:8709: gcc -o conftest -g -O2   conftest.c -lncurses  >&5
conftest.c:86:6: warning: conflicting types for built-in function 'strchr' [enabled by default]
configure:8716: $? = 0
configure:8738: result: yes
configure:8653: checking for strdup
configure:8709: gcc -o conftest -g -O2   conftest.c -lncurses  >&5
conftest.c:87:6: warning: conflicting types for built-in function 'strdup' [enabled by default]
configure:8716: $? = 0
configure:8738: result: yes
configure:8653: checking for strerror
configure:8709: gcc -o conftest -g -O2   conftest.c -lncurses  >&5
configure:8716: $? = 0
configure:8738: result: yes
configure:8653: checking for strrchr
configure:8709: gcc -o conftest -g -O2   conftest.c -lncurses  >&5
conftest.c:89:6: warning: conflicting types for built-in function 'strrchr' [enabled by default]
configure:8716: $? = 0
configure:8738: result: yes
configure:8653: checking for strstr
configure:8709: gcc -o conftest -g -O2   conftest.c -lncurses  >&5
conftest.c:90:6: warning: conflicting types for built-in function 'strstr' [enabled by default]
configure:8716: $? = 0
configure:8738: result: yes
configure:8653: checking for strtol
configure:8709: gcc -o conftest -g -O2   conftest.c -lncurses  >&5
configure:8716: $? = 0
configure:8738: result: yes
configure:8884: creating ./config.status

## ---------------------- ##
## Running config.status. ##
## ---------------------- ##

This file was extended by typespeed config.status 0.6.5, which was
generated by GNU Autoconf 2.62.  Invocation command line was

  CONFIG_FILES    = 
  CONFIG_HEADERS  = 
  CONFIG_LINKS    = 
  CONFIG_COMMANDS = 
  $ ./config.status 

on userland

config.status:857: creating Makefile
config.status:857: creating doc/Makefile
config.status:857: creating etc/Makefile
config.status:857: creating man/Makefile
config.status:857: creating po/Makefile.in
config.status:857: creating rules/Makefile
config.status:857: creating src/Makefile
config.status:857: creating testsuite/Makefile
config.status:857: creating words/Makefile
config.status:857: creating config.h
config.status:1079: config.h is unchanged
config.status:1131: executing depfiles commands
config.status:1131: executing po-directories commands

## ---------------- ##
## Cache variables. ##
## ---------------- ##

ac_cv_build=x86_64-unknown-linux-gnu
ac_cv_c_compiler_gnu=yes
ac_cv_c_const=yes
ac_cv_c_inline=inline
ac_cv_env_CC_set=
ac_cv_env_CC_value=
ac_cv_env_CFLAGS_set=
ac_cv_env_CFLAGS_value=
ac_cv_env_CPPFLAGS_set=
ac_cv_env_CPPFLAGS_value=
ac_cv_env_CPP_set=
ac_cv_env_CPP_value=
ac_cv_env_LDFLAGS_set=
ac_cv_env_LDFLAGS_value=
ac_cv_env_LIBS_set=
ac_cv_env_LIBS_value=
ac_cv_env_build_alias_set=
ac_cv_env_build_alias_value=
ac_cv_env_host_alias_set=
ac_cv_env_host_alias_value=
ac_cv_env_target_alias_set=
ac_cv_env_target_alias_value=
ac_cv_func__doprnt=no
ac_cv_func_closedir_void=no
ac_cv_func_gethostbyname=yes
ac_cv_func_gettimeofday=yes
ac_cv_func_inet_ntoa=yes
ac_cv_func_lstat_dereferences_slashed_symlink=yes
ac_cv_func_malloc_0_nonnull=yes
ac_cv_func_memset=yes
ac_cv_func_realloc_0_nonnull=yes
ac_cv_func_setlocale=yes
ac_cv_func_setregid=yes
ac_cv_func_setresgid=yes
ac_cv_func_socket=yes
ac_cv_func_stat_empty_string_bug=no
ac_cv_func_strchr=yes
ac_cv_func_strdup=yes
ac_cv_func_strerror=yes
ac_cv_func_strrchr=yes
ac_cv_func_strstr=yes
ac_cv_func_strtol=yes
ac_cv_func_vprintf=yes
ac_cv_header_arpa_inet_h=yes
ac_cv_header_bits_posix1_lim_h=yes
ac_cv_header_dirent_dirent_h=yes
ac_cv_header_fcntl_h=yes
ac_cv_header_inttypes_h=yes
ac_cv_header_libintl_h=yes
ac_cv_header_limits_h=yes
ac_cv_header_locale_h=yes
ac_cv_header_memory_h=yes
ac_cv_header_minix_config_h=no
ac_cv_header_netdb_h=yes
ac_cv_header_netinet_in_h=yes
ac_cv_header_stdarg_h=yes
ac_cv_header_stdc=yes
ac_cv_header_stdint_h=yes
ac_cv_header_stdlib_h=yes
ac_cv_header_string_h=yes
ac_cv_header_strings_h=yes
ac_cv_header_sys_file_h=yes
ac_cv_header_sys_ioctl_h=yes
ac_cv_header_sys_param_h=yes
ac_cv_header_sys_socket_h=yes
ac_cv_header_sys_stat_h=yes
ac_cv_header_sys_time_h=yes
ac_cv_header_sys_types_h=yes
ac_cv_header_time=yes
ac_cv_header_unistd_h=yes
ac_cv_host=x86_64-unknown-linux-gnu
ac_cv_lib_ncurses_initscr=yes
ac_cv_objext=o
ac_cv_path_EGREP='/bin/grep -E'
ac_cv_path_GMSGFMT=/usr/bin/msgfmt
ac_cv_path_GREP=/bin/grep
ac_cv_path_MSGFMT=/usr/bin/msgfmt
ac_cv_path_MSGMERGE=/usr/bin/msgmerge
ac_cv_path_XGETTEXT=/usr/bin/xgettext
ac_cv_path_install='/usr/bin/install -c'
ac_cv_path_mkdir=/bin/mkdir
ac_cv_prog_AWK=mawk
ac_cv_prog_CPP='gcc -E'
ac_cv_prog_ac_ct_CC=gcc
ac_cv_prog_cc_c89=
ac_cv_prog_cc_g=yes
ac_cv_prog_cc_gcc_c_o=yes
ac_cv_prog_gcc_traditional=no
ac_cv_prog_make_make_set=yes
ac_cv_safe_to_define___extensions__=yes
ac_cv_search_opendir='none required'
ac_cv_type_size_t=yes
ac_cv_type_uid_t=yes
acl_cv_hardcode_direct=no
acl_cv_hardcode_libdir_flag_spec='${wl}-rpath ${wl}$libdir'
acl_cv_hardcode_libdir_separator=
acl_cv_hardcode_minus_L=no
acl_cv_libext=a
acl_cv_path_LD=/usr/bin/ld
acl_cv_prog_gnu_ld=yes
acl_cv_rpath=done
acl_cv_shlibext=so
acl_cv_wl=-Wl,
am_cv_CC_dependencies_compiler_type=gcc3
gt_cv_func_CFLocaleCopyCurrent=no
gt_cv_func_CFPreferencesCopyAppValue=no
gt_cv_func_gnugettext1_libc=yes

## ----------------- ##
## Output variables. ##
## ----------------- ##

ACLOCAL='${SHELL} /home/user/download/typespeed-0.6.5/missing --run aclocal-1.10'
AMDEPBACKSLASH='\'
AMDEP_FALSE='#'
AMDEP_TRUE=''
AMTAR='${SHELL} /home/user/download/typespeed-0.6.5/missing --run tar'
AUTOCONF='${SHELL} /home/user/download/typespeed-0.6.5/missing --run autoconf'
AUTOHEADER='${SHELL} /home/user/download/typespeed-0.6.5/missing --run autoheader'
AUTOMAKE='${SHELL} /home/user/download/typespeed-0.6.5/missing --run automake-1.10'
AWK='mawk'
CC='gcc'
CCDEPMODE='depmode=gcc3'
CFLAGS='-g -O2'
CPP='gcc -E'
CPPFLAGS=''
CYGPATH_W='echo'
DEFS='-DHAVE_CONFIG_H'
DEPDIR='.deps'
ECHO_C=''
ECHO_N='-n'
ECHO_T=''
EGREP='/bin/grep -E'
EXEEXT=''
GMSGFMT='/usr/bin/msgfmt'
GMSGFMT_015='/usr/bin/msgfmt'
GREP='/bin/grep'
INSTALL_DATA='${INSTALL} -m 644'
INSTALL_PROGRAM='${INSTALL}'
INSTALL_SCRIPT='${INSTALL}'
INSTALL_STRIP_PROGRAM='$(install_sh) -c -s'
INTLLIBS=''
INTL_MACOSX_LIBS=''
LDFLAGS=''
LIBICONV='-liconv'
LIBINTL=''
LIBOBJS=''
LIBS='-lncurses '
LTLIBICONV='-liconv'
LTLIBINTL=''
LTLIBOBJS=''
MAKEINFO='${SHELL} /home/user/download/typespeed-0.6.5/missing --run makeinfo'
MKDIR_P='/bin/mkdir -p'
MSGFMT='/usr/bin/msgfmt'
MSGFMT_015='/usr/bin/msgfmt'
MSGMERGE='/usr/bin/msgmerge'
OBJEXT='o'
PACKAGE='typespeed'
PACKAGE_BUGREPORT='tobias@bugol.de'
PACKAGE_NAME='typespeed'
PACKAGE_STRING='typespeed 0.6.5'
PACKAGE_TARNAME='typespeed'
PACKAGE_VERSION='0.6.5'
PATH_SEPARATOR=':'
POSUB='po'
SET_MAKE=''
SHELL='/bin/bash'
STRIP=''
USE_NLS='yes'
VERSION='0.6.5'
XGETTEXT='/usr/bin/xgettext'
XGETTEXT_015='/usr/bin/xgettext'
ac_ct_CC='gcc'
am__fastdepCC_FALSE='#'
am__fastdepCC_TRUE=''
am__include='include'
am__isrc=''
am__leading_dot='.'
am__quote=''
am__tar='${AMTAR} chof - "$$tardir"'
am__untar='${AMTAR} xf -'
bindir='${exec_prefix}/bin'
build='x86_64-unknown-linux-gnu'
build_alias=''
build_cpu='x86_64'
build_os='linux-gnu'
build_vendor='unknown'
datadir='${datarootdir}'
datarootdir='${prefix}/share'
docdir='${datarootdir}/doc/${PACKAGE_TARNAME}'
dvidir='${docdir}'
exec_prefix='${prefix}'
highscoredir='${prefix}/var/games'
host='x86_64-unknown-linux-gnu'
host_alias=''
host_cpu='x86_64'
host_os='linux-gnu'
host_vendor='unknown'
htmldir='${docdir}'
includedir='${prefix}/include'
infodir='${datarootdir}/info'
install_sh='$(SHELL) /home/user/download/typespeed-0.6.5/install-sh'
libdir='${exec_prefix}/lib'
libexecdir='${exec_prefix}/libexec'
localedir='${datarootdir}/locale'
localstatedir='${prefix}/var'
mandir='${datarootdir}/man'
mkdir_p='/bin/mkdir -p'
oldincludedir='/usr/include'
pdfdir='${docdir}'
prefix='/usr/local'
program_transform_name='s,x,x,'
psdir='${docdir}'
sbindir='${exec_prefix}/sbin'
sharedstatedir='${prefix}/com'
sysconfdir='${prefix}/etc'
target_alias=''

## ----------- ##
## confdefs.h. ##
## ----------- ##

#define PACKAGE_NAME "typespeed"
#define PACKAGE_TARNAME "typespeed"
#define PACKAGE_VERSION "0.6.5"
#define PACKAGE_STRING "typespeed 0.6.5"
#define PACKAGE_BUGREPORT "tobias@bugol.de"
#define PACKAGE "typespeed"
#define VERSION "0.6.5"
#define STDC_HEADERS 1
#define HAVE_SYS_TYPES_H 1
#define HAVE_SYS_STAT_H 1
#define HAVE_STDLIB_H 1
#define HAVE_STRING_H 1
#define HAVE_MEMORY_H 1
#define HAVE_STRINGS_H 1
#define HAVE_INTTYPES_H 1
#define HAVE_STDINT_H 1
#define HAVE_UNISTD_H 1
#define __EXTENSIONS__ 1
#define _ALL_SOURCE 1
#define _GNU_SOURCE 1
#define _POSIX_PTHREAD_SEMANTICS 1
#define _TANDEM_SOURCE 1
#define HAVE_LIBNCURSES 1
#define ENABLE_NLS 1
#define HAVE_GETTEXT 1
#define HAVE_DCGETTEXT 1
#define HAVE_DIRENT_H 1
#define STDC_HEADERS 1
#define HAVE_ARPA_INET_H 1
#define HAVE_BITS_POSIX1_LIM_H 1
#define HAVE_FCNTL_H 1
#define HAVE_LIBINTL_H 1
#define HAVE_LIMITS_H 1
#define HAVE_LOCALE_H 1
#define HAVE_NETDB_H 1
#define HAVE_NETINET_IN_H 1
#define HAVE_STDARG_H 1
#define HAVE_STDLIB_H 1
#define HAVE_STRING_H 1
#define HAVE_SYS_FILE_H 1
#define HAVE_SYS_IOCTL_H 1
#define HAVE_SYS_PARAM_H 1
#define HAVE_SYS_SOCKET_H 1
#define HAVE_SYS_TIME_H 1
#define HAVE_UNISTD_H 1
#define TIME_WITH_SYS_TIME 1
#define HAVE_STDLIB_H 1
#define HAVE_MALLOC 1
#define HAVE_STDLIB_H 1
#define HAVE_REALLOC 1
#define LSTAT_FOLLOWS_SLASHED_SYMLINK 1
#define HAVE_VPRINTF 1
#define HAVE_GETHOSTBYNAME 1
#define HAVE_GETTIMEOFDAY 1
#define HAVE_INET_NTOA 1
#define HAVE_MEMSET 1
#define HAVE_SETLOCALE 1
#define HAVE_SETREGID 1
#define HAVE_SETRESGID 1
#define HAVE_SOCKET 1
#define HAVE_STRCHR 1
#define HAVE_STRDUP 1
#define HAVE_STRERROR 1
#define HAVE_STRRCHR 1
#define HAVE_STRSTR 1
#define HAVE_STRTOL 1

configure: exit 0
